[2020-04-27T13:41:40.856] [DEBUG] cheese - login => username:12312312,password:1231231231
[2020-04-27T13:41:40.860] [DEBUG] cheese - 12312312
[2020-04-27T13:41:40.917] [DEBUG] cheese - null
[2020-04-27T13:41:40.919] [DEBUG] cheese - null
[2020-04-27T13:50:31.818] [DEBUG] cheese - login => username:12231,password:1231231231231
[2020-04-27T13:50:31.819] [DEBUG] cheese - 12231
[2020-04-27T13:50:31.826] [DEBUG] cheese - null
[2020-04-27T13:50:31.827] [DEBUG] cheese - null
[2020-04-27T14:08:15.759] [DEBUG] cheese - login => username:123,password:12312312
[2020-04-27T14:08:15.760] [DEBUG] cheese - 123
[2020-04-27T14:08:15.766] [DEBUG] cheese - null
[2020-04-27T14:08:15.766] [DEBUG] cheese - null
[2020-04-27T14:08:23.863] [DEBUG] cheese - login => username:admin,password:123456
[2020-04-27T14:08:23.863] [DEBUG] cheese - admin
[2020-04-27T14:08:23.874] [DEBUG] cheese - null
[2020-04-27T14:08:23.874] [DEBUG] cheese - null
[2020-04-27T18:59:05.701] [DEBUG] cheese - login => username:admin,password:123456
[2020-04-27T18:59:05.702] [DEBUG] cheese - admin
[2020-04-27T18:59:05.735] [DEBUG] cheese - null
[2020-04-27T18:59:05.735] [DEBUG] cheese - null
[2020-04-27T19:11:01.739] [DEBUG] cheese - login => username:admin,password:123456
[2020-04-27T19:11:01.740] [DEBUG] cheese - admin
[2020-04-27T19:11:01.760] [DEBUG] cheese - null
[2020-04-27T19:11:01.761] [DEBUG] cheese - null
[2020-04-28T13:54:37.858] [DEBUG] cheese - login => username:admin,password:123456
[2020-04-28T13:54:37.860] [DEBUG] cheese - admin
[2020-04-28T13:54:37.901] [DEBUG] cheese - null
[2020-04-28T13:54:37.902] [DEBUG] cheese - null
[2020-04-28T15:31:24.757] [DEBUG] cheese - login => username:admin,password:123456
[2020-04-28T15:31:24.758] [DEBUG] cheese - admin
[2020-04-28T15:31:24.767] [DEBUG] cheese - null
[2020-04-28T15:31:24.767] [DEBUG] cheese - null
[2020-04-28T15:40:59.721] [DEBUG] cheese - login => username:admin,password:123456
[2020-04-28T15:40:59.721] [DEBUG] cheese - admin
[2020-04-28T15:40:59.727] [DEBUG] cheese - null
[2020-04-28T15:40:59.727] [DEBUG] cheese - null
[2020-04-28T15:55:45.712] [DEBUG] cheese - login => username:admin,password:123456
[2020-04-28T15:55:45.712] [DEBUG] cheese - admin
[2020-04-28T15:55:45.716] [DEBUG] cheese - null
[2020-04-28T15:55:45.716] [DEBUG] cheese - null
[2020-04-28T16:58:58.520] [DEBUG] cheese - login => username:admin,password:123456
[2020-04-28T16:58:58.521] [DEBUG] cheese - admin
[2020-04-28T16:58:58.528] [DEBUG] cheese - null
[2020-04-28T16:58:58.528] [DEBUG] cheese - null
[2020-04-29T08:01:37.979] [DEBUG] cheese - login => username:admin,password:123456
[2020-04-29T08:01:37.981] [DEBUG] cheese - admin
[2020-04-29T08:01:38.018] [DEBUG] cheese - null
[2020-04-29T08:01:38.019] [DEBUG] cheese - null
[2020-04-30T08:09:09.924] [DEBUG] cheese - login => username:admin,password:123456
[2020-04-30T08:09:09.925] [DEBUG] cheese - admin
[2020-04-30T08:09:09.961] [DEBUG] cheese - null
[2020-04-30T08:09:09.961] [DEBUG] cheese - null
[2020-04-30T09:11:29.285] [DEBUG] cheese - login => username:admin,password:123456
[2020-04-30T09:11:29.286] [DEBUG] cheese - admin
[2020-04-30T09:11:29.299] [DEBUG] cheese - null
[2020-04-30T09:11:29.299] [DEBUG] cheese - null
[2020-04-30T09:12:08.317] [DEBUG] cheese - login => username:admin,password:123456
[2020-04-30T09:12:08.317] [DEBUG] cheese - admin
[2020-04-30T09:12:08.320] [DEBUG] cheese - null
[2020-04-30T09:12:08.320] [DEBUG] cheese - null
[2020-05-01T08:52:27.291] [DEBUG] cheese - login => username:admin,password:123456
[2020-05-01T08:52:27.293] [DEBUG] cheese - admin
[2020-05-01T08:52:27.327] [DEBUG] cheese - null
[2020-05-01T08:52:27.328] [DEBUG] cheese - null
[2020-05-01T13:11:50.895] [DEBUG] cheese - login => username:admin,password:123456
[2020-05-01T13:11:50.897] [DEBUG] cheese - admin
[2020-05-01T13:11:50.905] [DEBUG] cheese - null
[2020-05-01T13:11:50.905] [DEBUG] cheese - null
[2020-05-02T17:19:45.699] [DEBUG] cheese - login => username:admin,password:123456
[2020-05-02T17:19:45.709] [DEBUG] cheese - admin
[2020-05-02T17:19:45.745] [DEBUG] cheese - null
[2020-05-02T17:19:45.745] [DEBUG] cheese - null
[2020-05-03T08:25:31.969] [DEBUG] cheese - login => username:admin,password:123456
[2020-05-03T08:25:31.971] [DEBUG] cheese - admin
[2020-05-03T08:25:32.000] [DEBUG] cheese - null
[2020-05-03T08:25:32.000] [DEBUG] cheese - null
[2020-05-04T08:18:01.819] [DEBUG] cheese - login => username:admin,password:123456
[2020-05-04T08:18:01.820] [DEBUG] cheese - admin
[2020-05-04T08:18:01.852] [DEBUG] cheese - null
[2020-05-04T08:18:01.853] [DEBUG] cheese - null
[2020-05-04T08:20:07.021] [DEBUG] cheese - login => username:admin,password:123456
[2020-05-04T08:20:07.021] [DEBUG] cheese - admin
[2020-05-04T08:20:07.026] [DEBUG] cheese - null
[2020-05-04T08:20:07.026] [DEBUG] cheese - null
[2020-05-04T16:43:52.932] [DEBUG] cheese - login => username:admin,password:123456
[2020-05-04T16:43:52.932] [DEBUG] cheese - admin
[2020-05-04T16:43:52.960] [DEBUG] cheese - null
[2020-05-04T16:43:52.960] [DEBUG] cheese - null
[2020-06-25T13:32:17.213] [DEBUG] cheese - login => username:admin@qq.com,password:123456
[2020-06-25T13:32:17.214] [DEBUG] cheese - admin@qq.com
[2020-06-25T13:32:17.245] [DEBUG] cheese - null
[2020-06-25T13:32:17.246] [DEBUG] cheese - null
[2020-06-25T13:33:13.794] [DEBUG] cheese - login => username:admin@qq.com,password:123456
[2020-06-25T13:33:13.794] [DEBUG] cheese - admin@qq.com
[2020-06-25T13:33:13.798] [DEBUG] cheese - null
[2020-06-25T13:33:13.798] [DEBUG] cheese - null
[2020-06-25T13:34:07.923] [DEBUG] cheese - login => username:admin,password:123
[2020-06-25T13:34:07.923] [DEBUG] cheese - admin
[2020-06-25T13:34:07.931] [DEBUG] cheese - null
[2020-06-25T13:34:07.932] [DEBUG] cheese - null
[2020-07-15T09:55:28.337] [DEBUG] cheese - login => username:admin,password:123
[2020-07-15T09:55:28.338] [DEBUG] cheese - admin
[2020-07-15T09:55:28.400] [DEBUG] cheese - null
[2020-07-15T09:55:28.401] [DEBUG] cheese - null
[2020-07-15T09:55:30.117] [DEBUG] cheese - login => username:admin,password:123
[2020-07-15T09:55:30.117] [DEBUG] cheese - admin
[2020-07-15T09:55:30.120] [DEBUG] cheese - null
[2020-07-15T09:55:30.121] [DEBUG] cheese - null
[2020-07-15T10:49:09.791] [DEBUG] cheese - login => username:admin,password:123
[2020-07-15T10:49:09.792] [DEBUG] cheese - admin
[2020-07-15T10:49:09.805] [DEBUG] cheese - null
[2020-07-15T10:49:09.805] [DEBUG] cheese - null
[2020-07-15T10:49:15.259] [DEBUG] cheese - login => username:admin,password:123
[2020-07-15T10:49:15.259] [DEBUG] cheese - admin
[2020-07-15T10:49:15.262] [DEBUG] cheese - null
[2020-07-15T10:49:15.263] [DEBUG] cheese - null
[2020-07-16T10:49:33.357] [DEBUG] cheese - login => username:321423,password:2314123423
[2020-07-16T10:49:33.359] [DEBUG] cheese - 321423
[2020-07-16T10:49:33.413] [DEBUG] cheese - null
[2020-07-16T10:49:33.414] [DEBUG] cheese - null
[2020-07-16T10:49:34.150] [DEBUG] cheese - login => username:321423,password:2314123423
[2020-07-16T10:49:34.150] [DEBUG] cheese - 321423
[2020-07-16T10:49:34.154] [DEBUG] cheese - null
[2020-07-16T10:49:34.154] [DEBUG] cheese - null
[2020-07-16T10:49:34.671] [DEBUG] cheese - login => username:321423,password:2314123423
[2020-07-16T10:49:34.672] [DEBUG] cheese - 321423
[2020-07-16T10:49:34.674] [DEBUG] cheese - null
[2020-07-16T10:49:34.675] [DEBUG] cheese - null
[2020-07-16T10:49:34.838] [DEBUG] cheese - login => username:321423,password:2314123423
[2020-07-16T10:49:34.839] [DEBUG] cheese - 321423
[2020-07-16T10:49:34.844] [DEBUG] cheese - null
[2020-07-16T10:49:34.844] [DEBUG] cheese - null
[2020-07-16T10:49:35.011] [DEBUG] cheese - login => username:321423,password:2314123423
[2020-07-16T10:49:35.011] [DEBUG] cheese - 321423
[2020-07-16T10:49:35.013] [DEBUG] cheese - null
[2020-07-16T10:49:35.013] [DEBUG] cheese - null
[2020-07-16T10:49:39.062] [DEBUG] cheese - login => username:321423,password:2314123423
[2020-07-16T10:49:39.063] [DEBUG] cheese - 321423
[2020-07-16T10:49:39.065] [DEBUG] cheese - null
[2020-07-16T10:49:39.065] [DEBUG] cheese - null
[2020-07-16T10:49:39.453] [DEBUG] cheese - login => username:321423,password:2314123423
[2020-07-16T10:49:39.454] [DEBUG] cheese - 321423
[2020-07-16T10:49:39.457] [DEBUG] cheese - null
[2020-07-16T10:49:39.457] [DEBUG] cheese - null
[2020-07-16T10:49:39.618] [DEBUG] cheese - login => username:321423,password:2314123423
[2020-07-16T10:49:39.619] [DEBUG] cheese - 321423
[2020-07-16T10:49:39.621] [DEBUG] cheese - null
[2020-07-16T10:49:39.621] [DEBUG] cheese - null
[2020-07-16T10:49:39.793] [DEBUG] cheese - login => username:321423,password:2314123423
[2020-07-16T10:49:39.793] [DEBUG] cheese - 321423
[2020-07-16T10:49:39.797] [DEBUG] cheese - null
[2020-07-16T10:49:39.797] [DEBUG] cheese - null
[2020-07-16T10:49:39.960] [DEBUG] cheese - login => username:321423,password:2314123423
[2020-07-16T10:49:39.960] [DEBUG] cheese - 321423
[2020-07-16T10:49:39.964] [DEBUG] cheese - null
[2020-07-16T10:49:39.964] [DEBUG] cheese - null
[2020-07-16T10:49:40.137] [DEBUG] cheese - login => username:321423,password:2314123423
[2020-07-16T10:49:40.137] [DEBUG] cheese - 321423
[2020-07-16T10:49:40.140] [DEBUG] cheese - null
[2020-07-16T10:49:40.140] [DEBUG] cheese - null
[2020-07-16T10:49:40.352] [DEBUG] cheese - login => username:321423,password:2314123423
[2020-07-16T10:49:40.352] [DEBUG] cheese - 321423
[2020-07-16T10:49:40.355] [DEBUG] cheese - null
[2020-07-16T10:49:40.355] [DEBUG] cheese - null
[2020-07-16T10:49:40.550] [DEBUG] cheese - login => username:321423,password:2314123423
[2020-07-16T10:49:40.550] [DEBUG] cheese - 321423
[2020-07-16T10:49:40.553] [DEBUG] cheese - null
[2020-07-16T10:49:40.553] [DEBUG] cheese - null
[2020-07-16T10:49:40.747] [DEBUG] cheese - login => username:321423,password:2314123423
[2020-07-16T10:49:40.747] [DEBUG] cheese - 321423
[2020-07-16T10:49:40.750] [DEBUG] cheese - null
[2020-07-16T10:49:40.750] [DEBUG] cheese - null
[2020-07-16T10:49:40.941] [DEBUG] cheese - login => username:321423,password:2314123423
[2020-07-16T10:49:40.941] [DEBUG] cheese - 321423
[2020-07-16T10:49:40.944] [DEBUG] cheese - null
[2020-07-16T10:49:40.944] [DEBUG] cheese - null
[2020-07-16T10:49:41.126] [DEBUG] cheese - login => username:321423,password:2314123423
[2020-07-16T10:49:41.126] [DEBUG] cheese - 321423
[2020-07-16T10:49:41.129] [DEBUG] cheese - null
[2020-07-16T10:49:41.129] [DEBUG] cheese - null
[2020-07-16T10:49:41.299] [DEBUG] cheese - login => username:321423,password:2314123423
[2020-07-16T10:49:41.299] [DEBUG] cheese - 321423
[2020-07-16T10:49:41.302] [DEBUG] cheese - null
[2020-07-16T10:49:41.303] [DEBUG] cheese - null
[2020-07-16T10:49:41.490] [DEBUG] cheese - login => username:321423,password:2314123423
[2020-07-16T10:49:41.490] [DEBUG] cheese - 321423
[2020-07-16T10:49:41.492] [DEBUG] cheese - null
[2020-07-16T10:49:41.493] [DEBUG] cheese - null
[2020-07-16T10:49:41.977] [DEBUG] cheese - login => username:321423,password:2314123423
[2020-07-16T10:49:41.977] [DEBUG] cheese - 321423
[2020-07-16T10:49:41.980] [DEBUG] cheese - null
[2020-07-16T10:49:41.980] [DEBUG] cheese - null
[2020-07-16T10:49:42.149] [DEBUG] cheese - login => username:321423,password:2314123423
[2020-07-16T10:49:42.149] [DEBUG] cheese - 321423
[2020-07-16T10:49:42.154] [DEBUG] cheese - null
[2020-07-16T10:49:42.155] [DEBUG] cheese - null
[2020-07-16T10:49:42.330] [DEBUG] cheese - login => username:321423,password:2314123423
[2020-07-16T10:49:42.330] [DEBUG] cheese - 321423
[2020-07-16T10:49:42.333] [DEBUG] cheese - null
[2020-07-16T10:49:42.333] [DEBUG] cheese - null
[2020-07-16T10:49:42.511] [DEBUG] cheese - login => username:321423,password:2314123423
[2020-07-16T10:49:42.511] [DEBUG] cheese - 321423
[2020-07-16T10:49:42.514] [DEBUG] cheese - null
[2020-07-16T10:49:42.514] [DEBUG] cheese - null
[2020-07-16T10:49:42.691] [DEBUG] cheese - login => username:321423,password:2314123423
[2020-07-16T10:49:42.691] [DEBUG] cheese - 321423
[2020-07-16T10:49:42.695] [DEBUG] cheese - null
[2020-07-16T10:49:42.695] [DEBUG] cheese - null
[2020-07-16T10:49:42.880] [DEBUG] cheese - login => username:321423,password:2314123423
[2020-07-16T10:49:42.880] [DEBUG] cheese - 321423
[2020-07-16T10:49:42.883] [DEBUG] cheese - null
[2020-07-16T10:49:42.883] [DEBUG] cheese - null
[2020-07-16T10:49:43.058] [DEBUG] cheese - login => username:321423,password:2314123423
[2020-07-16T10:49:43.058] [DEBUG] cheese - 321423
[2020-07-16T10:49:43.062] [DEBUG] cheese - null
[2020-07-16T10:49:43.062] [DEBUG] cheese - null
[2020-07-16T10:49:43.234] [DEBUG] cheese - login => username:321423,password:2314123423
[2020-07-16T10:49:43.235] [DEBUG] cheese - 321423
[2020-07-16T10:49:43.238] [DEBUG] cheese - null
[2020-07-16T10:49:43.238] [DEBUG] cheese - null
[2020-07-16T10:49:43.421] [DEBUG] cheese - login => username:321423,password:2314123423
[2020-07-16T10:49:43.422] [DEBUG] cheese - 321423
[2020-07-16T10:49:43.426] [DEBUG] cheese - null
[2020-07-16T10:49:43.426] [DEBUG] cheese - null
[2020-07-16T10:49:43.600] [DEBUG] cheese - login => username:321423,password:2314123423
[2020-07-16T10:49:43.600] [DEBUG] cheese - 321423
[2020-07-16T10:49:43.603] [DEBUG] cheese - null
[2020-07-16T10:49:43.603] [DEBUG] cheese - null
[2020-07-16T10:49:43.797] [DEBUG] cheese - login => username:321423,password:2314123423
[2020-07-16T10:49:43.797] [DEBUG] cheese - 321423
[2020-07-16T10:49:43.799] [DEBUG] cheese - null
[2020-07-16T10:49:43.800] [DEBUG] cheese - null
[2020-07-16T10:49:43.981] [DEBUG] cheese - login => username:321423,password:2314123423
[2020-07-16T10:49:43.981] [DEBUG] cheese - 321423
[2020-07-16T10:49:43.984] [DEBUG] cheese - null
[2020-07-16T10:49:43.984] [DEBUG] cheese - null
[2020-07-16T10:49:44.160] [DEBUG] cheese - login => username:321423,password:2314123423
[2020-07-16T10:49:44.161] [DEBUG] cheese - 321423
[2020-07-16T10:49:44.164] [DEBUG] cheese - null
[2020-07-16T10:49:44.164] [DEBUG] cheese - null
[2020-07-16T11:06:09.164] [DEBUG] cheese - login => username:312123,password:1231231
[2020-07-16T11:06:09.165] [DEBUG] cheese - 312123
[2020-07-16T11:06:09.170] [DEBUG] cheese - null
[2020-07-16T11:06:09.170] [DEBUG] cheese - null
[2020-07-16T11:15:00.974] [DEBUG] cheese - login => username:admin,password:123456
[2020-07-16T11:15:00.975] [DEBUG] cheese - admin
[2020-07-16T11:15:00.983] [DEBUG] cheese - null
[2020-07-16T11:15:00.983] [DEBUG] cheese - null
[2020-07-16T11:20:13.891] [DEBUG] cheese - login => username:admin,password:123456
[2020-07-16T11:20:13.892] [DEBUG] cheese - admin
[2020-07-16T11:20:13.896] [DEBUG] cheese - null
[2020-07-16T11:20:13.896] [DEBUG] cheese - null
[2020-07-16T11:20:16.289] [DEBUG] cheese - login => username:admin,password:123456
[2020-07-16T11:20:16.289] [DEBUG] cheese - admin
[2020-07-16T11:20:16.293] [DEBUG] cheese - null
[2020-07-16T11:20:16.293] [DEBUG] cheese - null
[2020-07-16T11:20:17.151] [DEBUG] cheese - login => username:admin,password:123456
[2020-07-16T11:20:17.151] [DEBUG] cheese - admin
[2020-07-16T11:20:17.154] [DEBUG] cheese - null
[2020-07-16T11:20:17.154] [DEBUG] cheese - null
[2020-07-16T11:20:17.340] [DEBUG] cheese - login => username:admin,password:123456
[2020-07-16T11:20:17.340] [DEBUG] cheese - admin
[2020-07-16T11:20:17.344] [DEBUG] cheese - null
[2020-07-16T11:20:17.344] [DEBUG] cheese - null
[2020-07-16T11:20:17.517] [DEBUG] cheese - login => username:admin,password:123456
[2020-07-16T11:20:17.517] [DEBUG] cheese - admin
[2020-07-16T11:20:17.520] [DEBUG] cheese - null
[2020-07-16T11:20:17.520] [DEBUG] cheese - null
[2020-07-16T11:21:19.931] [DEBUG] cheese - login => username:admin,password:123456
[2020-07-16T11:21:19.931] [DEBUG] cheese - admin
[2020-07-16T11:21:19.935] [DEBUG] cheese - null
[2020-07-16T11:21:19.935] [DEBUG] cheese - null
[2020-07-16T11:22:01.844] [DEBUG] cheese - login => username:admin,password:123456
[2020-07-16T11:22:01.844] [DEBUG] cheese - admin
[2020-07-16T11:22:01.849] [DEBUG] cheese - null
[2020-07-16T11:22:01.849] [DEBUG] cheese - null
[2020-07-16T11:23:10.490] [DEBUG] cheese - login => username:admin,password:123456
[2020-07-16T11:23:10.490] [DEBUG] cheese - admin
[2020-07-16T11:23:10.494] [DEBUG] cheese - null
[2020-07-16T11:23:10.495] [DEBUG] cheese - null
[2020-07-16T11:24:06.778] [DEBUG] cheese - login => username:admin,password:123456
[2020-07-16T11:24:06.778] [DEBUG] cheese - admin
[2020-07-16T11:24:06.783] [DEBUG] cheese - null
[2020-07-16T11:24:06.783] [DEBUG] cheese - null
[2020-07-16T14:19:25.548] [DEBUG] cheese - login => username:admin,password:123456
[2020-07-16T14:19:25.549] [DEBUG] cheese - admin
[2020-07-16T14:19:25.560] [DEBUG] cheese - null
[2020-07-16T14:19:25.560] [DEBUG] cheese - null
[2020-07-16T18:14:33.763] [DEBUG] cheese - login => username:admin,password:123456
[2020-07-16T18:14:33.765] [DEBUG] cheese - admin
[2020-07-16T18:14:33.785] [DEBUG] cheese - null
[2020-07-16T18:14:33.785] [DEBUG] cheese - null
[2020-07-16T20:13:37.453] [DEBUG] cheese - login => username:admin,password:123456
[2020-07-16T20:13:37.454] [DEBUG] cheese - admin
[2020-07-16T20:13:37.465] [DEBUG] cheese - null
[2020-07-16T20:13:37.465] [DEBUG] cheese - null
[2020-07-17T00:19:04.329] [DEBUG] cheese - login => username:admin,password:123456
[2020-07-17T00:19:04.330] [DEBUG] cheese - admin
[2020-07-17T00:19:04.337] [DEBUG] cheese - null
[2020-07-17T00:19:04.337] [DEBUG] cheese - null
[2020-07-17T00:19:35.092] [DEBUG] cheese - login => username:admin,password:123456
[2020-07-17T00:19:35.092] [DEBUG] cheese - admin
[2020-07-17T00:19:35.102] [DEBUG] cheese - null
[2020-07-17T00:19:35.102] [DEBUG] cheese - null
[2020-07-17T07:47:28.456] [DEBUG] cheese - login => username:admin,password:123456
[2020-07-17T07:47:28.457] [DEBUG] cheese - admin
[2020-07-17T07:47:28.475] [DEBUG] cheese - null
[2020-07-17T07:47:28.475] [DEBUG] cheese - null
[2020-07-17T11:43:40.830] [DEBUG] cheese - login => username:admin,password:123456
[2020-07-17T11:43:40.830] [DEBUG] cheese - admin
[2020-07-17T11:43:40.835] [DEBUG] cheese - null
[2020-07-17T11:43:40.835] [DEBUG] cheese - null
[2020-07-17T12:03:01.336] [DEBUG] cheese - login => username:admin,password:123456
[2020-07-17T12:03:01.336] [DEBUG] cheese - admin
[2020-07-17T12:03:01.342] [DEBUG] cheese - null
[2020-07-17T12:03:01.342] [DEBUG] cheese - null
[2020-07-17T12:10:03.303] [DEBUG] cheese - login => username:admin,password:123456
[2020-07-17T12:10:03.303] [DEBUG] cheese - admin
[2020-07-17T12:10:03.307] [DEBUG] cheese - null
[2020-07-17T12:10:03.307] [DEBUG] cheese - null
[2020-07-17T12:13:34.168] [DEBUG] cheese - login => username:admin,password:123456
[2020-07-17T12:13:34.169] [DEBUG] cheese - admin
[2020-07-17T12:13:34.172] [DEBUG] cheese - null
[2020-07-17T12:13:34.172] [DEBUG] cheese - null
[2020-07-17T12:15:09.863] [DEBUG] cheese - login => username:admin,password:123456
[2020-07-17T12:15:09.863] [DEBUG] cheese - admin
[2020-07-17T12:15:09.868] [DEBUG] cheese - null
[2020-07-17T12:15:09.868] [DEBUG] cheese - null
[2020-07-17T12:15:25.086] [DEBUG] cheese - login => username:admin,password:123456
[2020-07-17T12:15:25.086] [DEBUG] cheese - admin
[2020-07-17T12:15:25.089] [DEBUG] cheese - null
[2020-07-17T12:15:25.089] [DEBUG] cheese - null
[2020-07-17T12:19:34.939] [DEBUG] cheese - login => username:admin,password:123456
[2020-07-17T12:19:34.939] [DEBUG] cheese - admin
[2020-07-17T12:19:34.945] [DEBUG] cheese - null
[2020-07-17T12:19:34.945] [DEBUG] cheese - null
[2020-07-17T15:40:58.358] [DEBUG] cheese - login => username:admin,password:123456
[2020-07-17T15:40:58.358] [DEBUG] cheese - admin
[2020-07-17T15:40:58.362] [DEBUG] cheese - null
[2020-07-17T15:40:58.362] [DEBUG] cheese - null
[2020-07-17T18:39:15.710] [DEBUG] cheese - login => username:admin,password:123456
[2020-07-17T18:39:15.711] [DEBUG] cheese - admin
[2020-07-17T18:39:15.727] [DEBUG] cheese - null
[2020-07-17T18:39:15.727] [DEBUG] cheese - null
[2020-07-17T21:27:48.901] [DEBUG] cheese - login => username:admin,password:123456
[2020-07-17T21:27:48.903] [DEBUG] cheese - admin
[2020-07-17T21:27:48.913] [DEBUG] cheese - null
[2020-07-17T21:27:48.913] [DEBUG] cheese - null
[2020-07-19T07:59:05.960] [DEBUG] cheese - login => username:admin,password:123456
[2020-07-19T07:59:05.961] [DEBUG] cheese - admin
[2020-07-19T07:59:05.988] [DEBUG] cheese - null
[2020-07-19T07:59:05.989] [DEBUG] cheese - null
[2020-07-19T18:17:44.546] [DEBUG] cheese - null
[2020-07-19T18:24:44.699] [DEBUG] cheese - null
[2020-07-19T18:24:57.179] [DEBUG] cheese - null
[2020-07-19T18:25:02.089] [DEBUG] cheese - null
[2020-07-20T08:24:06.768] [DEBUG] cheese - login => username:admin,password:123456
[2020-07-20T08:24:06.769] [DEBUG] cheese - admin
[2020-07-20T08:24:06.792] [DEBUG] cheese - null
[2020-07-20T08:24:06.793] [DEBUG] cheese - null
[2020-07-21T10:25:50.343] [DEBUG] cheese - login => username:admin,password:123456
[2020-07-21T10:25:50.345] [DEBUG] cheese - admin
[2020-07-21T10:25:50.366] [DEBUG] cheese - null
[2020-07-21T10:25:50.367] [DEBUG] cheese - null
[2020-07-21T22:37:30.733] [DEBUG] cheese - login => username:admin,password:123456
[2020-07-21T22:37:30.735] [DEBUG] cheese - admin
[2020-07-21T22:37:30.751] [DEBUG] cheese - null
[2020-07-21T22:37:30.751] [DEBUG] cheese - null
[2020-07-22T10:25:58.958] [DEBUG] cheese - login => username:admin,password:123456
[2020-07-22T10:25:58.960] [DEBUG] cheese - admin
[2020-07-22T10:25:58.977] [DEBUG] cheese - null
[2020-07-22T10:25:58.977] [DEBUG] cheese - null
[2020-07-23T07:49:26.004] [DEBUG] cheese - login => username:admin,password:123456
[2020-07-23T07:49:26.007] [DEBUG] cheese - admin
[2020-07-23T07:49:26.030] [DEBUG] cheese - null
[2020-07-23T07:49:26.031] [DEBUG] cheese - null
[2020-07-23T22:15:59.672] [DEBUG] cheese - login => username:admin,password:123456
[2020-07-23T22:15:59.674] [DEBUG] cheese - admin
[2020-07-23T22:15:59.683] [DEBUG] cheese - null
[2020-07-23T22:15:59.684] [DEBUG] cheese - null
[2020-07-23T22:16:47.497] [DEBUG] cheese - login => username:admin,password:123456
[2020-07-23T22:16:47.499] [DEBUG] cheese - admin
[2020-07-23T22:16:47.504] [DEBUG] cheese - null
[2020-07-23T22:16:47.505] [DEBUG] cheese - null
[2020-07-23T22:20:26.126] [DEBUG] cheese - null
[2020-07-23T22:21:12.628] [DEBUG] cheese - null
[2020-07-23T22:21:26.321] [DEBUG] cheese - null
[2020-07-23T22:21:39.711] [DEBUG] cheese - null
[2020-07-23T22:21:41.136] [DEBUG] cheese - null
[2020-07-23T22:23:13.122] [DEBUG] cheese - null
[2020-07-23T22:23:32.985] [DEBUG] cheese - null
[2020-07-23T22:24:30.796] [DEBUG] cheese - null
[2020-07-23T22:25:54.999] [DEBUG] cheese - null
[2020-07-24T09:27:45.665] [DEBUG] cheese - login => username:admin,password:123456
[2020-07-24T09:27:45.668] [DEBUG] cheese - admin
[2020-07-24T09:27:45.688] [DEBUG] cheese - null
[2020-07-24T09:27:45.688] [DEBUG] cheese - null
[2020-07-24T13:01:39.100] [DEBUG] cheese - login => username:admin,password:123456
[2020-07-24T13:01:39.102] [DEBUG] cheese - admin
[2020-07-24T13:01:39.111] [DEBUG] cheese - null
[2020-07-24T13:01:39.112] [DEBUG] cheese - null
[2020-07-24T20:31:04.572] [DEBUG] cheese - null
[2020-07-24T20:47:16.686] [DEBUG] cheese - null
[2020-07-24T20:47:57.029] [DEBUG] cheese - null
[2020-07-24T22:14:14.287] [DEBUG] cheese - login => username:admin,password:123456
[2020-07-24T22:14:14.289] [DEBUG] cheese - admin
[2020-07-24T22:14:14.295] [DEBUG] cheese - null
[2020-07-24T22:14:14.296] [DEBUG] cheese - null
[2020-07-25T11:24:56.768] [DEBUG] cheese - login => username:admin,password:123456
[2020-07-25T11:24:56.770] [DEBUG] cheese - admin
[2020-07-25T11:24:56.800] [DEBUG] cheese - null
[2020-07-25T11:24:56.800] [DEBUG] cheese - null
